app/build/intermediates/manifest_merge_blame_file/release/processReleaseMainManifest/manifest-merger-blame-release-report.txt
1<?xml version="1.0" encoding="utf-8"?>
2<manifest xmlns:android="http://schemas.android.com/apk/res/android"
3    package="com.example.unibites"
4    android:versionCode="1"
5    android:versionName="1.0" >
6
7    <uses-sdk
8        android:minSdkVersion="24"
9        android:targetSdkVersion="35" />
10
11    <uses-permission android:name="android.permission.INTERNET" />
11-->[com.google.firebase:firebase-auth:23.2.0] AndroidManifest.xml:25:5-67
11-->[com.google.firebase:firebase-auth:23.2.0] AndroidManifest.xml:25:22-64
12    <uses-permission android:name="android.permission.ACCESS_NETWORK_STATE" />
12-->[com.google.firebase:firebase-auth:23.2.0] AndroidManifest.xml:26:5-79
12-->[com.google.firebase:firebase-auth:23.2.0] AndroidManifest.xml:26:22-76
13    <uses-permission android:name="android.permission.USE_BIOMETRIC" /> <!-- suppress DeprecatedClassUsageInspection -->
13-->[androidx.biometric:biometric:1.1.0] AndroidManifest.xml:24:5-72
13-->[androidx.biometric:biometric:1.1.0] AndroidManifest.xml:24:22-69
14    <uses-permission android:name="android.permission.USE_FINGERPRINT" />
14-->[androidx.biometric:biometric:1.1.0] AndroidManifest.xml:27:5-74
14-->[androidx.biometric:biometric:1.1.0] AndroidManifest.xml:27:22-71
15    <uses-permission android:name="android.permission.WAKE_LOCK" />
15-->[com.google.android.gms:play-services-measurement:22.4.0] AndroidManifest.xml:25:5-68
15-->[com.google.android.gms:play-services-measurement:22.4.0] AndroidManifest.xml:25:22-65
16    <uses-permission android:name="com.google.android.finsky.permission.BIND_GET_INSTALL_REFERRER_SERVICE" />
16-->[com.google.android.gms:play-services-measurement:22.4.0] AndroidManifest.xml:26:5-110
16-->[com.google.android.gms:play-services-measurement:22.4.0] AndroidManifest.xml:26:22-107
17    <uses-permission android:name="com.google.android.gms.permission.AD_ID" />
17-->[com.google.android.gms:play-services-measurement-impl:22.4.0] AndroidManifest.xml:27:5-79
17-->[com.google.android.gms:play-services-measurement-impl:22.4.0] AndroidManifest.xml:27:22-76
18    <uses-permission android:name="android.permission.ACCESS_ADSERVICES_ATTRIBUTION" />
18-->[com.google.android.gms:play-services-measurement-api:22.4.0] AndroidManifest.xml:26:5-88
18-->[com.google.android.gms:play-services-measurement-api:22.4.0] AndroidManifest.xml:26:22-85
19    <uses-permission android:name="android.permission.ACCESS_ADSERVICES_AD_ID" />
19-->[com.google.android.gms:play-services-measurement-api:22.4.0] AndroidManifest.xml:27:5-82
19-->[com.google.android.gms:play-services-measurement-api:22.4.0] AndroidManifest.xml:27:22-79
20    <uses-permission android:name="com.google.android.providers.gsf.permission.READ_GSERVICES" />
20-->[com.google.android.recaptcha:recaptcha:18.6.1] AndroidManifest.xml:9:5-98
20-->[com.google.android.recaptcha:recaptcha:18.6.1] AndroidManifest.xml:9:22-95
21
22    <permission
22-->[androidx.core:core:1.15.0] AndroidManifest.xml:22:5-24:47
23        android:name="com.example.unibites.DYNAMIC_RECEIVER_NOT_EXPORTED_PERMISSION"
23-->[androidx.core:core:1.15.0] AndroidManifest.xml:23:9-81
24        android:protectionLevel="signature" />
24-->[androidx.core:core:1.15.0] AndroidManifest.xml:24:9-44
25
26    <uses-permission android:name="com.example.unibites.DYNAMIC_RECEIVER_NOT_EXPORTED_PERMISSION" />
26-->[androidx.core:core:1.15.0] AndroidManifest.xml:26:5-97
26-->[androidx.core:core:1.15.0] AndroidManifest.xml:26:22-94
27
28    <application
28-->src\main\AndroidManifest.xml:5:5-36:19
29        android:allowBackup="true"
29-->src\main\AndroidManifest.xml:6:9-35
30        android:appComponentFactory="androidx.core.app.CoreComponentFactory"
30-->[androidx.core:core:1.15.0] AndroidManifest.xml:28:18-86
31        android:dataExtractionRules="@xml/data_extraction_rules"
31-->src\main\AndroidManifest.xml:7:9-65
32        android:extractNativeLibs="false"
33        android:fullBackupContent="@xml/backup_rules"
33-->src\main\AndroidManifest.xml:8:9-54
34        android:icon="@mipmap/ic_launcher"
34-->src\main\AndroidManifest.xml:9:9-43
35        android:label="@string/app_name"
35-->src\main\AndroidManifest.xml:10:9-41
36        android:roundIcon="@mipmap/ic_launcher_round"
36-->src\main\AndroidManifest.xml:11:9-54
37        android:supportsRtl="true"
37-->src\main\AndroidManifest.xml:12:9-35
38        android:theme="@style/Theme.Unibites" >
38-->src\main\AndroidManifest.xml:13:9-46
39        <activity
39-->src\main\AndroidManifest.xml:15:9-17:40
40            android:name="com.example.unibites.SignUpActivity"
40-->src\main\AndroidManifest.xml:16:13-43
41            android:exported="false" />
41-->src\main\AndroidManifest.xml:17:13-37
42        <activity
42-->src\main\AndroidManifest.xml:18:9-20:40
43            android:name="com.example.unibites.LoginActivity"
43-->src\main\AndroidManifest.xml:19:13-42
44            android:exported="false" />
44-->src\main\AndroidManifest.xml:20:13-37
45        <activity
45-->src\main\AndroidManifest.xml:21:9-30:20
46            android:name="com.example.unibites.SplashActivity"
46-->src\main\AndroidManifest.xml:22:13-43
47            android:exported="true"
47-->src\main\AndroidManifest.xml:23:13-36
48            android:theme="@style/Theme.AppCompat.NoActionBar" > <!-- Optional: Hides the top bar for splash -->
48-->src\main\AndroidManifest.xml:24:13-63
49            <intent-filter>
49-->src\main\AndroidManifest.xml:25:13-29:29
50                <action android:name="android.intent.action.MAIN" />
50-->src\main\AndroidManifest.xml:26:17-69
50-->src\main\AndroidManifest.xml:26:25-66
51
52                <category android:name="android.intent.category.LAUNCHER" />
52-->src\main\AndroidManifest.xml:28:17-77
52-->src\main\AndroidManifest.xml:28:27-74
53            </intent-filter>
54        </activity>
55        <activity
55-->src\main\AndroidManifest.xml:31:9-35:20
56            android:name="com.example.unibites.MainActivity"
56-->src\main\AndroidManifest.xml:32:13-41
57            android:exported="true" > <!-- Make sure this is true -->
57-->src\main\AndroidManifest.xml:33:13-36
58            <!-- No intent-filter here anymore -->
59        </activity>
60        <activity
60-->[com.google.firebase:firebase-auth:23.2.0] AndroidManifest.xml:29:9-46:20
61            android:name="com.google.firebase.auth.internal.GenericIdpActivity"
61-->[com.google.firebase:firebase-auth:23.2.0] AndroidManifest.xml:30:13-80
62            android:excludeFromRecents="true"
62-->[com.google.firebase:firebase-auth:23.2.0] AndroidManifest.xml:31:13-46
63            android:exported="true"
63-->[com.google.firebase:firebase-auth:23.2.0] AndroidManifest.xml:32:13-36
64            android:launchMode="singleTask"
64-->[com.google.firebase:firebase-auth:23.2.0] AndroidManifest.xml:33:13-44
65            android:theme="@android:style/Theme.Translucent.NoTitleBar" >
65-->[com.google.firebase:firebase-auth:23.2.0] AndroidManifest.xml:34:13-72
66            <intent-filter>
66-->[com.google.firebase:firebase-auth:23.2.0] AndroidManifest.xml:35:13-45:29
67                <action android:name="android.intent.action.VIEW" />
67-->[com.google.firebase:firebase-auth:23.2.0] AndroidManifest.xml:36:17-69
67-->[com.google.firebase:firebase-auth:23.2.0] AndroidManifest.xml:36:25-66
68
69                <category android:name="android.intent.category.DEFAULT" />
69-->[com.google.firebase:firebase-auth:23.2.0] AndroidManifest.xml:38:17-76
69-->[com.google.firebase:firebase-auth:23.2.0] AndroidManifest.xml:38:27-73
70                <category android:name="android.intent.category.BROWSABLE" />
70-->[com.google.firebase:firebase-auth:23.2.0] AndroidManifest.xml:39:17-78
70-->[com.google.firebase:firebase-auth:23.2.0] AndroidManifest.xml:39:27-75
71
72                <data
72-->[com.google.firebase:firebase-auth:23.2.0] AndroidManifest.xml:41:17-44:51
73                    android:host="firebase.auth"
73-->[com.google.firebase:firebase-auth:23.2.0] AndroidManifest.xml:42:21-49
74                    android:path="/"
74-->[com.google.firebase:firebase-auth:23.2.0] AndroidManifest.xml:43:21-37
75                    android:scheme="genericidp" />
75-->[com.google.firebase:firebase-auth:23.2.0] AndroidManifest.xml:44:21-48
76            </intent-filter>
77        </activity>
78        <activity
78-->[com.google.firebase:firebase-auth:23.2.0] AndroidManifest.xml:47:9-64:20
79            android:name="com.google.firebase.auth.internal.RecaptchaActivity"
79-->[com.google.firebase:firebase-auth:23.2.0] AndroidManifest.xml:48:13-79
80            android:excludeFromRecents="true"
80-->[com.google.firebase:firebase-auth:23.2.0] AndroidManifest.xml:49:13-46
81            android:exported="true"
81-->[com.google.firebase:firebase-auth:23.2.0] AndroidManifest.xml:50:13-36
82            android:launchMode="singleTask"
82-->[com.google.firebase:firebase-auth:23.2.0] AndroidManifest.xml:51:13-44
83            android:theme="@android:style/Theme.Translucent.NoTitleBar" >
83-->[com.google.firebase:firebase-auth:23.2.0] AndroidManifest.xml:52:13-72
84            <intent-filter>
84-->[com.google.firebase:firebase-auth:23.2.0] AndroidManifest.xml:53:13-63:29
85                <action android:name="android.intent.action.VIEW" />
85-->[com.google.firebase:firebase-auth:23.2.0] AndroidManifest.xml:36:17-69
85-->[com.google.firebase:firebase-auth:23.2.0] AndroidManifest.xml:36:25-66
86
87                <category android:name="android.intent.category.DEFAULT" />
87-->[com.google.firebase:firebase-auth:23.2.0] AndroidManifest.xml:38:17-76
87-->[com.google.firebase:firebase-auth:23.2.0] AndroidManifest.xml:38:27-73
88                <category android:name="android.intent.category.BROWSABLE" />
88-->[com.google.firebase:firebase-auth:23.2.0] AndroidManifest.xml:39:17-78
88-->[com.google.firebase:firebase-auth:23.2.0] AndroidManifest.xml:39:27-75
89
90                <data
90-->[com.google.firebase:firebase-auth:23.2.0] AndroidManifest.xml:41:17-44:51
91                    android:host="firebase.auth"
91-->[com.google.firebase:firebase-auth:23.2.0] AndroidManifest.xml:42:21-49
92                    android:path="/"
92-->[com.google.firebase:firebase-auth:23.2.0] AndroidManifest.xml:43:21-37
93                    android:scheme="recaptcha" />
93-->[com.google.firebase:firebase-auth:23.2.0] AndroidManifest.xml:44:21-48
94            </intent-filter>
95        </activity>
96
97        <service
97-->[com.google.firebase:firebase-auth:23.2.0] AndroidManifest.xml:66:9-72:19
98            android:name="com.google.firebase.components.ComponentDiscoveryService"
98-->[com.google.firebase:firebase-auth:23.2.0] AndroidManifest.xml:67:13-84
99            android:directBootAware="true"
99-->[com.google.firebase:firebase-common:21.0.0] AndroidManifest.xml:32:13-43
100            android:exported="false" >
100-->[com.google.firebase:firebase-auth:23.2.0] AndroidManifest.xml:68:13-37
101            <meta-data
101-->[com.google.firebase:firebase-auth:23.2.0] AndroidManifest.xml:69:13-71:85
102                android:name="com.google.firebase.components:com.google.firebase.auth.FirebaseAuthRegistrar"
102-->[com.google.firebase:firebase-auth:23.2.0] AndroidManifest.xml:70:17-109
103                android:value="com.google.firebase.components.ComponentRegistrar" />
103-->[com.google.firebase:firebase-auth:23.2.0] AndroidManifest.xml:71:17-82
104            <meta-data
104-->[com.google.android.gms:play-services-measurement-api:22.4.0] AndroidManifest.xml:33:13-35:85
105                android:name="com.google.firebase.components:com.google.firebase.analytics.connector.internal.AnalyticsConnectorRegistrar"
105-->[com.google.android.gms:play-services-measurement-api:22.4.0] AndroidManifest.xml:34:17-139
106                android:value="com.google.firebase.components.ComponentRegistrar" />
106-->[com.google.android.gms:play-services-measurement-api:22.4.0] AndroidManifest.xml:35:17-82
107            <meta-data
107-->[com.google.firebase:firebase-installations:18.0.0] AndroidManifest.xml:15:13-17:85
108                android:name="com.google.firebase.components:com.google.firebase.installations.FirebaseInstallationsKtxRegistrar"
108-->[com.google.firebase:firebase-installations:18.0.0] AndroidManifest.xml:16:17-130
109                android:value="com.google.firebase.components.ComponentRegistrar" />
109-->[com.google.firebase:firebase-installations:18.0.0] AndroidManifest.xml:17:17-82
110            <meta-data
110-->[com.google.firebase:firebase-installations:18.0.0] AndroidManifest.xml:18:13-20:85
111                android:name="com.google.firebase.components:com.google.firebase.installations.FirebaseInstallationsRegistrar"
111-->[com.google.firebase:firebase-installations:18.0.0] AndroidManifest.xml:19:17-127
112                android:value="com.google.firebase.components.ComponentRegistrar" />
112-->[com.google.firebase:firebase-installations:18.0.0] AndroidManifest.xml:20:17-82
113            <meta-data
113-->[com.google.firebase:firebase-common-ktx:21.0.0] AndroidManifest.xml:12:13-14:85
114                android:name="com.google.firebase.components:com.google.firebase.ktx.FirebaseCommonLegacyRegistrar"
114-->[com.google.firebase:firebase-common-ktx:21.0.0] AndroidManifest.xml:13:17-116
115                android:value="com.google.firebase.components.ComponentRegistrar" />
115-->[com.google.firebase:firebase-common-ktx:21.0.0] AndroidManifest.xml:14:17-82
116            <meta-data
116-->[com.google.firebase:firebase-common:21.0.0] AndroidManifest.xml:35:13-37:85
117                android:name="com.google.firebase.components:com.google.firebase.FirebaseCommonKtxRegistrar"
117-->[com.google.firebase:firebase-common:21.0.0] AndroidManifest.xml:36:17-109
118                android:value="com.google.firebase.components.ComponentRegistrar" />
118-->[com.google.firebase:firebase-common:21.0.0] AndroidManifest.xml:37:17-82
119        </service>
120        <service
120-->[androidx.credentials:credentials-play-services-auth:1.5.0] AndroidManifest.xml:24:9-32:19
121            android:name="androidx.credentials.playservices.CredentialProviderMetadataHolder"
121-->[androidx.credentials:credentials-play-services-auth:1.5.0] AndroidManifest.xml:25:13-94
122            android:enabled="true"
122-->[androidx.credentials:credentials-play-services-auth:1.5.0] AndroidManifest.xml:26:13-35
123            android:exported="false" >
123-->[androidx.credentials:credentials-play-services-auth:1.5.0] AndroidManifest.xml:27:13-37
124            <meta-data
124-->[androidx.credentials:credentials-play-services-auth:1.5.0] AndroidManifest.xml:29:13-31:104
125                android:name="androidx.credentials.CREDENTIAL_PROVIDER_KEY"
125-->[androidx.credentials:credentials-play-services-auth:1.5.0] AndroidManifest.xml:30:17-76
126                android:value="androidx.credentials.playservices.CredentialProviderPlayServicesImpl" />
126-->[androidx.credentials:credentials-play-services-auth:1.5.0] AndroidManifest.xml:31:17-101
127        </service>
128
129        <activity
129-->[androidx.credentials:credentials-play-services-auth:1.5.0] AndroidManifest.xml:34:9-41:20
130            android:name="androidx.credentials.playservices.HiddenActivity"
130-->[androidx.credentials:credentials-play-services-auth:1.5.0] AndroidManifest.xml:35:13-76
131            android:configChanges="orientation|screenSize|screenLayout|keyboardHidden"
131-->[androidx.credentials:credentials-play-services-auth:1.5.0] AndroidManifest.xml:36:13-87
132            android:enabled="true"
132-->[androidx.credentials:credentials-play-services-auth:1.5.0] AndroidManifest.xml:37:13-35
133            android:exported="false"
133-->[androidx.credentials:credentials-play-services-auth:1.5.0] AndroidManifest.xml:38:13-37
134            android:fitsSystemWindows="true"
134-->[androidx.credentials:credentials-play-services-auth:1.5.0] AndroidManifest.xml:39:13-45
135            android:theme="@style/Theme.Hidden" >
135-->[androidx.credentials:credentials-play-services-auth:1.5.0] AndroidManifest.xml:40:13-48
136        </activity>
137        <activity
137-->[androidx.credentials:credentials-play-services-auth:1.5.0] AndroidManifest.xml:42:9-49:20
138            android:name="androidx.credentials.playservices.IdentityCredentialApiHiddenActivity"
138-->[androidx.credentials:credentials-play-services-auth:1.5.0] AndroidManifest.xml:43:13-97
139            android:configChanges="orientation|screenSize|screenLayout|keyboardHidden"
139-->[androidx.credentials:credentials-play-services-auth:1.5.0] AndroidManifest.xml:44:13-87
140            android:enabled="true"
140-->[androidx.credentials:credentials-play-services-auth:1.5.0] AndroidManifest.xml:45:13-35
141            android:exported="false"
141-->[androidx.credentials:credentials-play-services-auth:1.5.0] AndroidManifest.xml:46:13-37
142            android:fitsSystemWindows="true"
142-->[androidx.credentials:credentials-play-services-auth:1.5.0] AndroidManifest.xml:47:13-45
143            android:theme="@style/Theme.Hidden" >
143-->[androidx.credentials:credentials-play-services-auth:1.5.0] AndroidManifest.xml:48:13-48
144        </activity>
145        <activity
145-->[com.google.android.gms:play-services-auth:21.1.1] AndroidManifest.xml:23:9-27:75
146            android:name="com.google.android.gms.auth.api.signin.internal.SignInHubActivity"
146-->[com.google.android.gms:play-services-auth:21.1.1] AndroidManifest.xml:24:13-93
147            android:excludeFromRecents="true"
147-->[com.google.android.gms:play-services-auth:21.1.1] AndroidManifest.xml:25:13-46
148            android:exported="false"
148-->[com.google.android.gms:play-services-auth:21.1.1] AndroidManifest.xml:26:13-37
149            android:theme="@android:style/Theme.Translucent.NoTitleBar" />
149-->[com.google.android.gms:play-services-auth:21.1.1] AndroidManifest.xml:27:13-72
150        <!--
151            Service handling Google Sign-In user revocation. For apps that do not integrate with
152            Google Sign-In, this service will never be started.
153        -->
154        <service
154-->[com.google.android.gms:play-services-auth:21.1.1] AndroidManifest.xml:33:9-37:51
155            android:name="com.google.android.gms.auth.api.signin.RevocationBoundService"
155-->[com.google.android.gms:play-services-auth:21.1.1] AndroidManifest.xml:34:13-89
156            android:exported="true"
156-->[com.google.android.gms:play-services-auth:21.1.1] AndroidManifest.xml:35:13-36
157            android:permission="com.google.android.gms.auth.api.signin.permission.REVOCATION_NOTIFICATION"
157-->[com.google.android.gms:play-services-auth:21.1.1] AndroidManifest.xml:36:13-107
158            android:visibleToInstantApps="true" />
158-->[com.google.android.gms:play-services-auth:21.1.1] AndroidManifest.xml:37:13-48
159
160        <receiver
160-->[com.google.android.gms:play-services-measurement:22.4.0] AndroidManifest.xml:29:9-33:20
161            android:name="com.google.android.gms.measurement.AppMeasurementReceiver"
161-->[com.google.android.gms:play-services-measurement:22.4.0] AndroidManifest.xml:30:13-85
162            android:enabled="true"
162-->[com.google.android.gms:play-services-measurement:22.4.0] AndroidManifest.xml:31:13-35
163            android:exported="false" >
163-->[com.google.android.gms:play-services-measurement:22.4.0] AndroidManifest.xml:32:13-37
164        </receiver>
165
166        <service
166-->[com.google.android.gms:play-services-measurement:22.4.0] AndroidManifest.xml:35:9-38:40
167            android:name="com.google.android.gms.measurement.AppMeasurementService"
167-->[com.google.android.gms:play-services-measurement:22.4.0] AndroidManifest.xml:36:13-84
168            android:enabled="true"
168-->[com.google.android.gms:play-services-measurement:22.4.0] AndroidManifest.xml:37:13-35
169            android:exported="false" />
169-->[com.google.android.gms:play-services-measurement:22.4.0] AndroidManifest.xml:38:13-37
170        <service
170-->[com.google.android.gms:play-services-measurement:22.4.0] AndroidManifest.xml:39:9-43:72
171            android:name="com.google.android.gms.measurement.AppMeasurementJobService"
171-->[com.google.android.gms:play-services-measurement:22.4.0] AndroidManifest.xml:40:13-87
172            android:enabled="true"
172-->[com.google.android.gms:play-services-measurement:22.4.0] AndroidManifest.xml:41:13-35
173            android:exported="false"
173-->[com.google.android.gms:play-services-measurement:22.4.0] AndroidManifest.xml:42:13-37
174            android:permission="android.permission.BIND_JOB_SERVICE" />
174-->[com.google.android.gms:play-services-measurement:22.4.0] AndroidManifest.xml:43:13-69
175
176        <activity
176-->[com.google.android.gms:play-services-base:18.5.0] AndroidManifest.xml:5:9-173
177            android:name="com.google.android.gms.common.api.GoogleApiActivity"
177-->[com.google.android.gms:play-services-base:18.5.0] AndroidManifest.xml:5:19-85
178            android:exported="false"
178-->[com.google.android.gms:play-services-base:18.5.0] AndroidManifest.xml:5:146-170
179            android:theme="@android:style/Theme.Translucent.NoTitleBar" />
179-->[com.google.android.gms:play-services-base:18.5.0] AndroidManifest.xml:5:86-145
180
181        <provider
181-->[com.google.firebase:firebase-common:21.0.0] AndroidManifest.xml:23:9-28:39
182            android:name="com.google.firebase.provider.FirebaseInitProvider"
182-->[com.google.firebase:firebase-common:21.0.0] AndroidManifest.xml:24:13-77
183            android:authorities="com.example.unibites.firebaseinitprovider"
183-->[com.google.firebase:firebase-common:21.0.0] AndroidManifest.xml:25:13-72
184            android:directBootAware="true"
184-->[com.google.firebase:firebase-common:21.0.0] AndroidManifest.xml:26:13-43
185            android:exported="false"
185-->[com.google.firebase:firebase-common:21.0.0] AndroidManifest.xml:27:13-37
186            android:initOrder="100" />
186-->[com.google.firebase:firebase-common:21.0.0] AndroidManifest.xml:28:13-36
187        <provider
187-->[androidx.emoji2:emoji2:1.2.0] AndroidManifest.xml:24:9-32:20
188            android:name="androidx.startup.InitializationProvider"
188-->[androidx.emoji2:emoji2:1.2.0] AndroidManifest.xml:25:13-67
189            android:authorities="com.example.unibites.androidx-startup"
189-->[androidx.emoji2:emoji2:1.2.0] AndroidManifest.xml:26:13-68
190            android:exported="false" >
190-->[androidx.emoji2:emoji2:1.2.0] AndroidManifest.xml:27:13-37
191            <meta-data
191-->[androidx.emoji2:emoji2:1.2.0] AndroidManifest.xml:29:13-31:52
192                android:name="androidx.emoji2.text.EmojiCompatInitializer"
192-->[androidx.emoji2:emoji2:1.2.0] AndroidManifest.xml:30:17-75
193                android:value="androidx.startup" />
193-->[androidx.emoji2:emoji2:1.2.0] AndroidManifest.xml:31:17-49
194            <meta-data
194-->[androidx.lifecycle:lifecycle-process:2.6.2] AndroidManifest.xml:29:13-31:52
195                android:name="androidx.lifecycle.ProcessLifecycleInitializer"
195-->[androidx.lifecycle:lifecycle-process:2.6.2] AndroidManifest.xml:30:17-78
196                android:value="androidx.startup" />
196-->[androidx.lifecycle:lifecycle-process:2.6.2] AndroidManifest.xml:31:17-49
197            <meta-data
197-->[androidx.profileinstaller:profileinstaller:1.4.0] AndroidManifest.xml:29:13-31:52
198                android:name="androidx.profileinstaller.ProfileInstallerInitializer"
198-->[androidx.profileinstaller:profileinstaller:1.4.0] AndroidManifest.xml:30:17-85
199                android:value="androidx.startup" />
199-->[androidx.profileinstaller:profileinstaller:1.4.0] AndroidManifest.xml:31:17-49
200        </provider>
201
202        <uses-library
202-->[androidx.privacysandbox.ads:ads-adservices:1.1.0-beta11] AndroidManifest.xml:23:9-25:40
203            android:name="android.ext.adservices"
203-->[androidx.privacysandbox.ads:ads-adservices:1.1.0-beta11] AndroidManifest.xml:24:13-50
204            android:required="false" />
204-->[androidx.privacysandbox.ads:ads-adservices:1.1.0-beta11] AndroidManifest.xml:25:13-37
205
206        <meta-data
206-->[com.google.android.gms:play-services-basement:18.5.0] AndroidManifest.xml:21:9-23:69
207            android:name="com.google.android.gms.version"
207-->[com.google.android.gms:play-services-basement:18.5.0] AndroidManifest.xml:22:13-58
208            android:value="@integer/google_play_services_version" />
208-->[com.google.android.gms:play-services-basement:18.5.0] AndroidManifest.xml:23:13-66
209
210        <receiver
210-->[androidx.profileinstaller:profileinstaller:1.4.0] AndroidManifest.xml:34:9-52:20
211            android:name="androidx.profileinstaller.ProfileInstallReceiver"
211-->[androidx.profileinstaller:profileinstaller:1.4.0] AndroidManifest.xml:35:13-76
212            android:directBootAware="false"
212-->[androidx.profileinstaller:profileinstaller:1.4.0] AndroidManifest.xml:36:13-44
213            android:enabled="true"
213-->[androidx.profileinstaller:profileinstaller:1.4.0] AndroidManifest.xml:37:13-35
214            android:exported="true"
214-->[androidx.profileinstaller:profileinstaller:1.4.0] AndroidManifest.xml:38:13-36
215            android:permission="android.permission.DUMP" >
215-->[androidx.profileinstaller:profileinstaller:1.4.0] AndroidManifest.xml:39:13-57
216            <intent-filter>
216-->[androidx.profileinstaller:profileinstaller:1.4.0] AndroidManifest.xml:40:13-42:29
217                <action android:name="androidx.profileinstaller.action.INSTALL_PROFILE" />
217-->[androidx.profileinstaller:profileinstaller:1.4.0] AndroidManifest.xml:41:17-91
217-->[androidx.profileinstaller:profileinstaller:1.4.0] AndroidManifest.xml:41:25-88
218            </intent-filter>
219            <intent-filter>
219-->[androidx.profileinstaller:profileinstaller:1.4.0] AndroidManifest.xml:43:13-45:29
220                <action android:name="androidx.profileinstaller.action.SKIP_FILE" />
220-->[androidx.profileinstaller:profileinstaller:1.4.0] AndroidManifest.xml:44:17-85
220-->[androidx.profileinstaller:profileinstaller:1.4.0] AndroidManifest.xml:44:25-82
221            </intent-filter>
222            <intent-filter>
222-->[androidx.profileinstaller:profileinstaller:1.4.0] AndroidManifest.xml:46:13-48:29
223                <action android:name="androidx.profileinstaller.action.SAVE_PROFILE" />
223-->[androidx.profileinstaller:profileinstaller:1.4.0] AndroidManifest.xml:47:17-88
223-->[androidx.profileinstaller:profileinstaller:1.4.0] AndroidManifest.xml:47:25-85
224            </intent-filter>
225            <intent-filter>
225-->[androidx.profileinstaller:profileinstaller:1.4.0] AndroidManifest.xml:49:13-51:29
226                <action android:name="androidx.profileinstaller.action.BENCHMARK_OPERATION" />
226-->[androidx.profileinstaller:profileinstaller:1.4.0] AndroidManifest.xml:50:17-95
226-->[androidx.profileinstaller:profileinstaller:1.4.0] AndroidManifest.xml:50:25-92
227            </intent-filter>
228        </receiver> <!-- The activities will be merged into the manifest of the hosting app. -->
229        <activity
229-->[com.google.android.play:core-common:2.0.3] AndroidManifest.xml:14:9-18:65
230            android:name="com.google.android.play.core.common.PlayCoreDialogWrapperActivity"
230-->[com.google.android.play:core-common:2.0.3] AndroidManifest.xml:15:13-93
231            android:exported="false"
231-->[com.google.android.play:core-common:2.0.3] AndroidManifest.xml:16:13-37
232            android:stateNotNeeded="true"
232-->[com.google.android.play:core-common:2.0.3] AndroidManifest.xml:17:13-42
233            android:theme="@style/Theme.PlayCore.Transparent" />
233-->[com.google.android.play:core-common:2.0.3] AndroidManifest.xml:18:13-62
234    </application>
235
236</manifest>